This is pdfTeX, Version 3.141592653-2.6-1.40.25 (MiKTeX 24.1) (preloaded format=pdflatex 2024.10.29)  29 OCT 2024 19:42
entering extended mode
 restricted \write18 enabled.
 file:line:error style messages enabled.
 %&-line parsing enabled.
**g:/fresh_start/paper/code_paper/latex/01paper/main.tex
(g:/fresh_start/paper/code_paper/latex/01paper/main.tex
LaTeX2e <2023-11-01> patch level 1
L3 programming layer <2024-01-04>
(C:\Program Files\MiKTeX\tex/latex/base\article.cls
Document Class: article 2023/05/17 v1.4n Standard LaTeX document class
(C:\Program Files\MiKTeX\tex/latex/base\size10.clo
File: size10.clo 2023/05/17 v1.4n Standard LaTeX file (size option)
)
\c@part=\count187
\c@section=\count188
\c@subsection=\count189
\c@subsubsection=\count190
\c@paragraph=\count191
\c@subparagraph=\count192
\c@figure=\count193
\c@table=\count194
\abovecaptionskip=\skip48
\belowcaptionskip=\skip49
\bibindent=\dimen140
) (C:\Users\Administrator\AppData\Roaming\MiKTeX\tex/latex/preprint\authblk.sty
Package: authblk 2001/02/27 1.3 (PWD)
\affilsep=\skip50
\@affilsep=\skip51
\c@Maxaffil=\count195
\c@authors=\count196
\c@affil=\count197
) (C:\Program Files\MiKTeX\tex/latex/graphics\graphicx.sty
Package: graphicx 2021/09/16 v1.2d Enhanced LaTeX Graphics (DPC,SPQR)
 (C:\Program Files\MiKTeX\tex/latex/graphics\keyval.sty
Package: keyval 2022/05/29 v1.15 key=value parser (DPC)
\KV@toks@=\toks17
) (C:\Program Files\MiKTeX\tex/latex/graphics\graphics.sty
Package: graphics 2022/03/10 v1.4e Standard LaTeX Graphics (DPC,SPQR)
 (C:\Program Files\MiKTeX\tex/latex/graphics\trig.sty
Package: trig 2021/08/11 v1.11 sin cos tan (DPC)
) (C:\Program Files\MiKTeX\tex/latex/graphics-cfg\graphics.cfg
File: graphics.cfg 2016/06/04 v1.11 sample graphics configuration
)
Package graphics Info: Driver file: pdftex.def on input line 107.
 (C:\Program Files\MiKTeX\tex/latex/graphics-def\pdftex.def
File: pdftex.def 2022/09/22 v1.2b Graphics/color driver for pdftex
))
\Gin@req@height=\dimen141
\Gin@req@width=\dimen142
) (C:\Program Files\MiKTeX\tex/latex/amsmath\amsmath.sty
Package: amsmath 2023/05/13 v2.17o AMS math features
\@mathmargin=\skip52

For additional information on amsmath, use the `?' option.
(C:\Program Files\MiKTeX\tex/latex/amsmath\amstext.sty
Package: amstext 2021/08/26 v2.01 AMS text
 (C:\Program Files\MiKTeX\tex/latex/amsmath\amsgen.sty
File: amsgen.sty 1999/11/30 v2.0 generic functions
\@emptytoks=\toks18
\ex@=\dimen143
)) (C:\Program Files\MiKTeX\tex/latex/amsmath\amsbsy.sty
Package: amsbsy 1999/11/29 v1.2d Bold Symbols
\pmbraise@=\dimen144
) (C:\Program Files\MiKTeX\tex/latex/amsmath\amsopn.sty
Package: amsopn 2022/04/08 v2.04 operator names
)
\inf@bad=\count198
LaTeX Info: Redefining \frac on input line 234.
\uproot@=\count199
\leftroot@=\count266
LaTeX Info: Redefining \overline on input line 399.
LaTeX Info: Redefining \colon on input line 410.
\classnum@=\count267
\DOTSCASE@=\count268
LaTeX Info: Redefining \ldots on input line 496.
LaTeX Info: Redefining \dots on input line 499.
LaTeX Info: Redefining \cdots on input line 620.
\Mathstrutbox@=\box51
\strutbox@=\box52
LaTeX Info: Redefining \big on input line 722.
LaTeX Info: Redefining \Big on input line 723.
LaTeX Info: Redefining \bigg on input line 724.
LaTeX Info: Redefining \Bigg on input line 725.
\big@size=\dimen145
LaTeX Font Info:    Redeclaring font encoding OML on input line 743.
LaTeX Font Info:    Redeclaring font encoding OMS on input line 744.
\macc@depth=\count269
LaTeX Info: Redefining \bmod on input line 905.
LaTeX Info: Redefining \pmod on input line 910.
LaTeX Info: Redefining \smash on input line 940.
LaTeX Info: Redefining \relbar on input line 970.
LaTeX Info: Redefining \Relbar on input line 971.
\c@MaxMatrixCols=\count270
\dotsspace@=\muskip16
\c@parentequation=\count271
\dspbrk@lvl=\count272
\tag@help=\toks19
\row@=\count273
\column@=\count274
\maxfields@=\count275
\andhelp@=\toks20
\eqnshift@=\dimen146
\alignsep@=\dimen147
\tagshift@=\dimen148
\tagwidth@=\dimen149
\totwidth@=\dimen150
\lineht@=\dimen151
\@envbody=\toks21
\multlinegap=\skip53
\multlinetaggap=\skip54
\mathdisplay@stack=\toks22
LaTeX Info: Redefining \[ on input line 2953.
LaTeX Info: Redefining \] on input line 2954.
) (C:\Users\Administrator\AppData\Roaming\MiKTeX\tex/latex/natbib\natbib.sty
Package: natbib 2010/09/13 8.31b (PWD, AO)
\bibhang=\skip55
\bibsep=\skip56
LaTeX Info: Redefining \cite on input line 694.
\c@NAT@ctr=\count276
) (C:\Program Files\MiKTeX\tex/latex/hyperref\hyperref.sty
Package: hyperref 2023-11-26 v7.01g Hypertext links for LaTeX
 (C:\Program Files\MiKTeX\tex/generic/iftex\iftex.sty
Package: iftex 2022/02/03 v1.0f TeX engine tests
) (C:\Users\Administrator\AppData\Roaming\MiKTeX\tex/generic/infwarerr\infwarerr.sty
Package: infwarerr 2019/12/03 v1.5 Providing info/warning/error messages (HO)
) (C:\Users\Administrator\AppData\Roaming\MiKTeX\tex/latex/kvsetkeys\kvsetkeys.sty
Package: kvsetkeys 2022-10-05 v1.19 Key value parser (HO)
) (C:\Users\Administrator\AppData\Roaming\MiKTeX\tex/generic/kvdefinekeys\kvdefinekeys.sty
Package: kvdefinekeys 2019-12-19 v1.6 Define keys (HO)
) (C:\Users\Administrator\AppData\Roaming\MiKTeX\tex/generic/pdfescape\pdfescape.sty
Package: pdfescape 2019/12/09 v1.15 Implements pdfTeX's escape features (HO)
 (C:\Users\Administrator\AppData\Roaming\MiKTeX\tex/generic/ltxcmds\ltxcmds.sty
Package: ltxcmds 2023-12-04 v1.26 LaTeX kernel commands for general use (HO)
) (C:\Program Files\MiKTeX\tex/generic/pdftexcmds\pdftexcmds.sty
Package: pdftexcmds 2020-06-27 v0.33 Utility functions of pdfTeX for LuaTeX (HO)
Package pdftexcmds Info: \pdf@primitive is available.
Package pdftexcmds Info: \pdf@ifprimitive is available.
Package pdftexcmds Info: \pdfdraftmode found.
)) (C:\Users\Administrator\AppData\Roaming\MiKTeX\tex/latex/hycolor\hycolor.sty
Package: hycolor 2020-01-27 v1.10 Color options for hyperref/bookmark (HO)
) (C:\Users\Administrator\AppData\Roaming\MiKTeX\tex/latex/letltxmacro\letltxmacro.sty
Package: letltxmacro 2019/12/03 v1.6 Let assignment for LaTeX macros (HO)
) (C:\Users\Administrator\AppData\Roaming\MiKTeX\tex/latex/auxhook\auxhook.sty
Package: auxhook 2019-12-17 v1.6 Hooks for auxiliary files (HO)
) (C:\Program Files\MiKTeX\tex/latex/hyperref\nameref.sty
Package: nameref 2023-11-26 v2.56 Cross-referencing by name of section
 (C:\Users\Administrator\AppData\Roaming\MiKTeX\tex/latex/refcount\refcount.sty
Package: refcount 2019/12/15 v3.6 Data extraction from label references (HO)
) (C:\Users\Administrator\AppData\Roaming\MiKTeX\tex/generic/gettitlestring\gettitlestring.sty
Package: gettitlestring 2019/12/15 v1.6 Cleanup title references (HO)
 (C:\Users\Administrator\AppData\Roaming\MiKTeX\tex/latex/kvoptions\kvoptions.sty
Package: kvoptions 2022-06-15 v3.15 Key value format for package options (HO)
))
\c@section@level=\count277
) (C:\Program Files\MiKTeX\tex/latex/etoolbox\etoolbox.sty
Package: etoolbox 2020/10/05 v2.5k e-TeX tools for LaTeX (JAW)
\etb@tempcnta=\count278
)
\@linkdim=\dimen152
\Hy@linkcounter=\count279
\Hy@pagecounter=\count280
 (C:\Program Files\MiKTeX\tex/latex/hyperref\pd1enc.def
File: pd1enc.def 2023-11-26 v7.01g Hyperref: PDFDocEncoding definition (HO)
Now handling font encoding PD1 ...
... no UTF-8 mapping file for font encoding PD1
) (C:\Users\Administrator\AppData\Roaming\MiKTeX\tex/generic/intcalc\intcalc.sty
Package: intcalc 2019/12/15 v1.3 Expandable calculations with integers (HO)
)
\Hy@SavedSpaceFactor=\count281
 (C:\Program Files\MiKTeX\tex/latex/hyperref\puenc.def
File: puenc.def 2023-11-26 v7.01g Hyperref: PDF Unicode definition (HO)
Now handling font encoding PU ...
... no UTF-8 mapping file for font encoding PU
)
Package hyperref Info: Hyper figures OFF on input line 4181.
Package hyperref Info: Link nesting OFF on input line 4186.
Package hyperref Info: Hyper index ON on input line 4189.
Package hyperref Info: Plain pages OFF on input line 4196.
Package hyperref Info: Backreferencing OFF on input line 4201.
Package hyperref Info: Implicit mode ON; LaTeX internals redefined.
Package hyperref Info: Bookmarks ON on input line 4448.
\c@Hy@tempcnt=\count282
 (C:\Program Files\MiKTeX\tex/latex/url\url.sty
\Urlmuskip=\muskip17
Package: url 2013/09/16  ver 3.4  Verb mode for urls, etc.
)
LaTeX Info: Redefining \url on input line 4786.
\XeTeXLinkMargin=\dimen153
 (C:\Users\Administrator\AppData\Roaming\MiKTeX\tex/generic/bitset\bitset.sty
Package: bitset 2019/12/09 v1.3 Handle bit-vector datatype (HO)
 (C:\Users\Administrator\AppData\Roaming\MiKTeX\tex/generic/bigintcalc\bigintcalc.sty
Package: bigintcalc 2019/12/15 v1.5 Expandable calculations on big integers (HO)
))
\Fld@menulength=\count283
\Field@Width=\dimen154
\Fld@charsize=\dimen155
Package hyperref Info: Hyper figures OFF on input line 6065.
Package hyperref Info: Link nesting OFF on input line 6070.
Package hyperref Info: Hyper index ON on input line 6073.
Package hyperref Info: backreferencing OFF on input line 6080.
Package hyperref Info: Link coloring OFF on input line 6085.
Package hyperref Info: Link coloring with OCG OFF on input line 6090.
Package hyperref Info: PDF/A mode OFF on input line 6095.
 (C:\Program Files\MiKTeX\tex/latex/base\atbegshi-ltx.sty
Package: atbegshi-ltx 2021/01/10 v1.0c Emulation of the original atbegshi
package with kernel methods
)
\Hy@abspage=\count284
\c@Item=\count285
\c@Hfootnote=\count286
)
Package hyperref Info: Driver (autodetected): hpdftex.
 (C:\Program Files\MiKTeX\tex/latex/hyperref\hpdftex.def
File: hpdftex.def 2023-11-26 v7.01g Hyperref driver for pdfTeX
 (C:\Program Files\MiKTeX\tex/latex/base\atveryend-ltx.sty
Package: atveryend-ltx 2020/08/19 v1.0a Emulation of the original atveryend package
with kernel methods
)
\Fld@listcount=\count287
\c@bookmark@seq@number=\count288
 (C:\Users\Administrator\AppData\Roaming\MiKTeX\tex/latex/rerunfilecheck\rerunfilecheck.sty
Package: rerunfilecheck 2022-07-10 v1.10 Rerun checks for auxiliary files (HO)
 (C:\Users\Administrator\AppData\Roaming\MiKTeX\tex/generic/uniquecounter\uniquecounter.sty
Package: uniquecounter 2019/12/15 v1.4 Provide unlimited unique counter (HO)
)
Package uniquecounter Info: New unique counter `rerunfilecheck' on input line 285.
)
\Hy@SectionHShift=\skip57
) (C:\Users\Administrator\AppData\Roaming\MiKTeX\tex/latex/geometry\geometry.sty
Package: geometry 2020/01/02 v5.9 Page Geometry
 (C:\Program Files\MiKTeX\tex/generic/iftex\ifvtex.sty
Package: ifvtex 2019/10/25 v1.7 ifvtex legacy package. Use iftex instead.
)
\Gm@cnth=\count289
\Gm@cntv=\count290
\c@Gm@tempcnt=\count291
\Gm@bindingoffset=\dimen156
\Gm@wd@mp=\dimen157
\Gm@odd@mp=\dimen158
\Gm@even@mp=\dimen159
\Gm@layoutwidth=\dimen160
\Gm@layoutheight=\dimen161
\Gm@layouthoffset=\dimen162
\Gm@layoutvoffset=\dimen163
\Gm@dimlist=\toks23
 (C:\Users\Administrator\AppData\Roaming\MiKTeX\tex/latex/geometry\geometry.cfg)) (C:\Program Files\MiKTeX\tex/latex/tools\tabularx.sty
Package: tabularx 2023/07/08 v2.11c `tabularx' package (DPC)
 (C:\Program Files\MiKTeX\tex/latex/tools\array.sty
Package: array 2023/10/16 v2.5g Tabular extension package (FMi)
\col@sep=\dimen164
\ar@mcellbox=\box53
\extrarowheight=\dimen165
\NC@list=\toks24
\extratabsurround=\skip58
\backup@length=\skip59
\ar@cellbox=\box54
)
\TX@col@width=\dimen166
\TX@old@table=\dimen167
\TX@old@col=\dimen168
\TX@target=\dimen169
\TX@delta=\dimen170
\TX@cols=\count292
\TX@ftn=\toks25
) (C:\Users\Administrator\AppData\Roaming\MiKTeX\tex/latex/caption\caption.sty
Package: caption 2023/08/05 v3.6o Customizing captions (AR)
 (C:\Users\Administrator\AppData\Roaming\MiKTeX\tex/latex/caption\caption3.sty
Package: caption3 2023/07/31 v2.4d caption3 kernel (AR)
\caption@tempdima=\dimen171
\captionmargin=\dimen172
\caption@leftmargin=\dimen173
\caption@rightmargin=\dimen174
\caption@width=\dimen175
\caption@indent=\dimen176
\caption@parindent=\dimen177
\caption@hangindent=\dimen178
Package caption Info: Standard document class detected.
)
\c@caption@flags=\count293
\c@continuedfloat=\count294
Package caption Info: hyperref package is loaded.
) (C:\Users\Administrator\AppData\Roaming\MiKTeX\tex/latex/booktabs\booktabs.sty
Package: booktabs 2020/01/12 v1.61803398 Publication quality tables
\heavyrulewidth=\dimen179
\lightrulewidth=\dimen180
\cmidrulewidth=\dimen181
\belowrulesep=\dimen182
\belowbottomsep=\dimen183
\aboverulesep=\dimen184
\abovetopsep=\dimen185
\cmidrulesep=\dimen186
\cmidrulekern=\dimen187
\defaultaddspace=\dimen188
\@cmidla=\count295
\@cmidlb=\count296
\@aboverulesep=\dimen189
\@belowrulesep=\dimen190
\@thisruleclass=\count297
\@lastruleclass=\count298
\@thisrulewidth=\dimen191
) (C:\Users\Administrator\AppData\Roaming\MiKTeX\tex/latex/float\float.sty
Package: float 2001/11/08 v1.3d Float enhancements (AL)
\c@float@type=\count299
\float@exts=\toks26
\float@box=\box55
\@float@everytoks=\toks27
\@floatcapt=\box56
) (C:\Users\Administrator\AppData\Roaming\MiKTeX\tex/latex/unicode-math\unicode-math.sty (C:\Program Files\MiKTeX\tex/latex/l3kernel\expl3.sty
Package: expl3 2024-01-04 L3 programming layer (loader) 
 (C:\Program Files\MiKTeX\tex/latex/l3backend\l3backend-pdftex.def
File: l3backend-pdftex.def 2024-01-04 L3 backend support: PDF output (pdfTeX)
\l__color_backend_stack_int=\count300
\l__pdf_internal_box=\box57
))
Package: unicode-math 2023/08/13 v0.8r Unicode maths in XeLaTeX and LuaLaTeX


C:\Users\Administrator\AppData\Roaming\MiKTeX\tex/latex/unicode-math\unicode-math.sty:40: Package unicode-math Error: Cannot be run with pdftex!
(unicode-math)                Use XeLaTeX or LuaLaTeX instead.

Type <return> to continue.
 ...                                              
                                                  
l.40 ...ror:nn {unicode-math} {unsupported-engine}
                                                  

LaTeX does not know anything more about this error, sorry.

Try typing <return> to proceed.
If that doesn't work, type X <return> to quit.


) (C:\Users\Administrator\AppData\Roaming\MiKTeX\tex/latex/caption\subcaption.sty
Package: subcaption 2023/07/28 v1.6b Sub-captions (AR)
Package caption Info: New subtype `subfigure' on input line 238.
\c@subfigure=\count301
Package caption Info: New subtype `subtable' on input line 238.
\c@subtable=\count302
)
No file main.aux.
\openout1 = `main.aux'.

LaTeX Font Info:    Checking defaults for OML/cmm/m/it on input line 41.
LaTeX Font Info:    ... okay on input line 41.
LaTeX Font Info:    Checking defaults for OMS/cmsy/m/n on input line 41.
LaTeX Font Info:    ... okay on input line 41.
LaTeX Font Info:    Checking defaults for OT1/cmr/m/n on input line 41.
LaTeX Font Info:    ... okay on input line 41.
LaTeX Font Info:    Checking defaults for T1/cmr/m/n on input line 41.
LaTeX Font Info:    ... okay on input line 41.
LaTeX Font Info:    Checking defaults for TS1/cmr/m/n on input line 41.
LaTeX Font Info:    ... okay on input line 41.
LaTeX Font Info:    Checking defaults for OMX/cmex/m/n on input line 41.
LaTeX Font Info:    ... okay on input line 41.
LaTeX Font Info:    Checking defaults for U/cmr/m/n on input line 41.
LaTeX Font Info:    ... okay on input line 41.
LaTeX Font Info:    Checking defaults for PD1/pdf/m/n on input line 41.
LaTeX Font Info:    ... okay on input line 41.
LaTeX Font Info:    Checking defaults for PU/pdf/m/n on input line 41.
LaTeX Font Info:    ... okay on input line 41.
(C:\Program Files\MiKTeX\tex/context/base/mkii\supp-pdf.mkii
[Loading MPS to PDF converter (version 2006.09.02).]
\scratchcounter=\count303
\scratchdimen=\dimen192
\scratchbox=\box58
\nofMPsegments=\count304
\nofMParguments=\count305
\everyMPshowfont=\toks28
\MPscratchCnt=\count306
\MPscratchDim=\dimen193
\MPnumerator=\count307
\makeMPintoPDFobject=\count308
\everyMPtoPDFconversion=\toks29
) (C:\Program Files\MiKTeX\tex/latex/epstopdf-pkg\epstopdf-base.sty
Package: epstopdf-base 2020-01-24 v2.11 Base part for package epstopdf
Package epstopdf-base Info: Redefining graphics rule for `.eps' on input line 485.
 (C:\Program Files\MiKTeX\tex/latex/00miktex\epstopdf-sys.cfg
File: epstopdf-sys.cfg 2021/03/18 v2.0 Configuration of epstopdf for MiKTeX
))
Package hyperref Info: Link coloring OFF on input line 41.
\@outlinefile=\write3
\openout3 = `main.out'.


*geometry* driver: auto-detecting
*geometry* detected driver: pdftex
*geometry* verbose mode - [ preamble ] result:
* driver: pdftex
* paper: <default>
* layout: <same size as paper>
* layoutoffset:(h,v)=(0.0pt,0.0pt)
* modes: 
* h-part:(L,W,R)=(92.14519pt, 430.00462pt, 92.14519pt)
* v-part:(T,H,B)=(95.39737pt, 556.47656pt, 143.09605pt)
* \paperwidth=614.295pt
* \paperheight=794.96999pt
* \textwidth=430.00462pt
* \textheight=556.47656pt
* \oddsidemargin=19.8752pt
* \evensidemargin=19.8752pt
* \topmargin=-13.87262pt
* \headheight=12.0pt
* \headsep=25.0pt
* \topskip=10.0pt
* \footskip=30.0pt
* \marginparwidth=65.0pt
* \marginparsep=11.0pt
* \columnsep=10.0pt
* \skip\footins=9.0pt plus 4.0pt minus 2.0pt
* \hoffset=0.0pt
* \voffset=0.0pt
* \mag=1000
* \@twocolumnfalse
* \@twosidefalse
* \@mparswitchfalse
* \@reversemarginfalse
* (1in=72.27pt=25.4mm, 1cm=28.453pt)

Package caption Info: Begin \AtBeginDocument code.
Package caption Info: float package is loaded.
Package caption Info: End \AtBeginDocument code.
(sections/abstract.tex) (sections/introduction.tex

Package natbib Warning: Citation `mccarthy_climate_2001' on page 1 undefined on input line 1.


Package natbib Warning: Citation `maharjan_tharu_nodate' on page 1 undefined on input line 1.


Package natbib Warning: Citation `intergovernmental_panel_on_climate_change_ipcc_climate_2023' on page 1 undefined on input line 1.


Package natbib Warning: Citation `shrestha_climate_2011' on page 1 undefined on input line 2.


Package natbib Warning: Citation `manandhar_adapting_2011' on page 1 undefined on input line 2.


Package natbib Warning: Citation `reilly_climate_in_usa' on page 1 undefined on input line 2.


Package natbib Warning: Citation `casestudy_bhattarai' on page 1 undefined on input line 2.


Package natbib Warning: Citation `yao_recent_2019' on page 1 undefined on input line 2.


Package natbib Warning: Citation `shrestha_maximum_1999' on page 1 undefined on input line 2.

[1

{C:/Users/Administrator/AppData/Local/MiKTeX/fonts/map/pdftex/pdftex.map}]

Package natbib Warning: Citation `pokhrel_climate_2013' on page 2 undefined on input line 5.


Package natbib Warning: Citation `aksha_spatial_2018' on page 2 undefined on input line 5.


Package natbib Warning: Citation `bastakoti_agriculture_2017' on page 2 undefined on input line 5.


Package natbib Warning: Citation `bhatt_climate_2014' on page 2 undefined on input line 5.


Package natbib Warning: Citation `hingane_longterm_1985' on page 2 undefined on input line 8.


Package natbib Warning: Citation `shrestha_observed_2017' on page 2 undefined on input line 8.


Package natbib Warning: Citation `Sabin2020' on page 2 undefined on input line 8.


Package natbib Warning: Citation `shrestha_maximum_1999' on page 2 undefined on input line 8.


Package natbib Warning: Citation `agarwal_analysis_2016' on page 2 undefined on input line 11.


Package natbib Warning: Citation `shrestha_observed_2017' on page 2 undefined on input line 11.


Package natbib Warning: Citation `bastakoti_agriculture_2017' on page 2 undefined on input line 11.


Package natbib Warning: Citation `poudel_spatiotemporal_2020' on page 2 undefined on input line 11.

[2]

Package natbib Warning: Citation `marahatta_temporal_2009' on page 3 undefined on input line 14.


Package natbib Warning: Citation `bajracharya_future_2023' on page 3 undefined on input line 17.


Package natbib Warning: Citation `chand_trend_2019' on page 3 undefined on input line 17.


Package natbib Warning: Citation `chapagain_unpacking_2021' on page 3 undefined on input line 17.

) (sections/materials_method.tex

Package natbib Warning: Citation `chand_trend_2019' on page 3 undefined on input line 5.


Package natbib Warning: Citation `nayava_spatial_2017' on page 3 undefined on input line 5.


LaTeX Warning: Reference `tab:station_descriptions' on page 3 undefined on input line 8.


LaTeX Warning: Reference `eq:tapse_calculation' on page 3 undefined on input line 8.


Package natbib Warning: Citation `nayava_spatial_2017' on page 3 undefined on input line 23.

[3]
Underfull \hbox (badness 10000) in paragraph at lines 57--57
[]|\OT1/cmr/bx/n/10 Station
 []


Underfull \hbox (badness 10000) in paragraph at lines 57--57
[]|\OT1/cmr/bx/n/10 Latitude
 []


Underfull \hbox (badness 10000) in paragraph at lines 57--57
[]|\OT1/cmr/bx/n/10 Longitude
 []


Underfull \hbox (badness 10000) in paragraph at lines 57--57
[]|\OT1/cmr/bx/n/10 Elevation
 []


Overfull \hbox (11.43909pt too wide) in paragraph at lines 57--57
[]|\OT1/cmr/bx/n/10 Physiographic
 []


Underfull \hbox (badness 10000) in paragraph at lines 57--57
[]|\OT1/cmr/m/n/10 Namche
 []


Underfull \hbox (badness 10000) in paragraph at lines 57--57
[]|\OT1/cmr/m/n/10 Olangchuhg
 []


Underfull \hbox (badness 10000) in paragraph at lines 57--57
[]|\OT1/cmr/m/n/10 Chainpur
 []


Underfull \hbox (badness 10000) in paragraph at lines 57--57
[]|\OT1/cmr/m/n/10 Phidim
 []

<images/study_area.png, id=33, 624.02736pt x 454.96375pt>
File: images/study_area.png Graphic file (type png)
<use images/study_area.png>
Package pdftex.def Info: images/study_area.png  used on input line 67.
(pdftex.def)             Requested size: 344.005pt x 250.81396pt.
[4]

Package natbib Warning: Citation `mann_nonparametric_1945' on page 5 undefined on input line 73.


Package natbib Warning: Citation `kendall_rank_1949' on page 5 undefined on input line 73.


LaTeX Warning: Reference `eq:sum' on page 5 undefined on input line 73.


LaTeX Warning: Reference `eq:sgn' on page 5 undefined on input line 73.


LaTeX Warning: Reference `eq:variance' on page 5 undefined on input line 73.


LaTeX Warning: Reference `eq:linear_regression' on page 5 undefined on input line 97.

[5
pdfTeX warning (ext4): destination with the same identifier (name{equation.2.2}) has been already used, duplicate ignored
<argument> ...shipout:D \box_use:N \l_shipout_box 
                                                  \__shipout_drop_firstpage_...
l.98 
     
pdfTeX warning (ext4): destination with the same identifier (name{equation.2.2}) has been already used, duplicate ignored
<argument> ...shipout:D \box_use:N \l_shipout_box 
                                                  \__shipout_drop_firstpage_...
l.98 
      <./images/study_area.png>]
pdfTeX warning (ext4): destination with the same identifier (name{equation.2.2}) has been already used, duplicate ignored
<to be read again> 
                   \relax 
l.99 \begin{equation}
                     
pdfTeX warning (ext4): destination with the same identifier (name{equation.2.2}) has been already used, duplicate ignored
<to be read again> 
                   \relax 
l.99 \begin{equation}
                     
pdfTeX warning (ext4): destination with the same identifier (name{equation.2.2}) has been already used, duplicate ignored
<to be read again> 
                   \relax 
l.99 \begin{equation}
                     
pdfTeX warning (ext4): destination with the same identifier (name{equation.2.2}) has been already used, duplicate ignored
<to be read again> 
                   \relax 
l.99 \begin{equation}
                     ) (sections/results_discussion.tex
Overfull \hbox (63.9262pt too wide) in paragraph at lines 7--43
 [][] 
 []


LaTeX Warning: Reference `tab:spatial_trends' on page 6 undefined on input line 52.


Package natbib Warning: Citation `shrestha_climate_2011' on page 6 undefined on input line 55.


Package natbib Warning: Citation `shrestha_observed_2017' on page 6 undefined on input line 55.


Package natbib Warning: Citation `nayava_spatial_2017' on page 6 undefined on input line 55.

[6] [7]

Package natbib Warning: Citation `shrestha_maximum_1999' on page 8 undefined on input line 58.


Overfull \hbox (7.27315pt too wide) in paragraph at lines 58--59
\OT1/cmr/m/n/10 sea-sonal vari-a-tion, with the Trans-Himalaya ex-pe-ri-enc-ing the high-est win-ter warm-ing at 0.124\TS1/cmr/m/n/10 °\OT1/cmr/m/n/10 C/year,
 []

<images/simple_plots_Premonsoon_Trend.png, id=67, 1156.32pt x 505.89pt>
File: images/simple_plots_Premonsoon_Trend.png Graphic file (type png)
<use images/simple_plots_Premonsoon_Trend.png>
Package pdftex.def Info: images/simple_plots_Premonsoon_Trend.png  used on input line 62.
(pdftex.def)             Requested size: 387.00153pt x 169.30629pt.
<images/simple_plots_Monsoon_Trend.png, id=68, 1156.32pt x 505.89pt>
File: images/simple_plots_Monsoon_Trend.png Graphic file (type png)
<use images/simple_plots_Monsoon_Trend.png>
Package pdftex.def Info: images/simple_plots_Monsoon_Trend.png  used on input line 69.
(pdftex.def)             Requested size: 387.00153pt x 169.30629pt.
[8 <./images/simple_plots_Premonsoon_Trend.png>]
<images/simple_plots_Postmonsoon_Trend.png, id=75, 1156.32pt x 505.89pt>
File: images/simple_plots_Postmonsoon_Trend.png Graphic file (type png)
<use images/simple_plots_Postmonsoon_Trend.png>
Package pdftex.def Info: images/simple_plots_Postmonsoon_Trend.png  used on input line 76.
(pdftex.def)             Requested size: 387.00153pt x 169.30629pt.
<images/simple_plots_Winter_Trend.png, id=76, 1156.32pt x 505.89pt>
File: images/simple_plots_Winter_Trend.png Graphic file (type png)
<use images/simple_plots_Winter_Trend.png>
Package pdftex.def Info: images/simple_plots_Winter_Trend.png  used on input line 83.
(pdftex.def)             Requested size: 387.00153pt x 169.30629pt.
 [9 <./images/simple_plots_Monsoon_Trend.png> <./images/simple_plots_Postmonsoon_Trend.png>]

LaTeX Warning: Reference `fig:Pre-monsoon temperature trends, fig:Monsoon temperature trends,fig:Post-monsoon temperature trends,fig:Winter temperature trends' on page 10 undefined on input line 88.


LaTeX Warning: Reference `fig:Pre-monsoon temperature trends' on page 10 undefined on input line 91.


LaTeX Warning: Reference `fig:Monsoon temperature trends' on page 10 undefined on input line 93.


LaTeX Warning: Reference `fig:Post-monsoon temperature trends' on page 10 undefined on input line 95.


LaTeX Warning: Reference `fig:Winter temperature trends' on page 10 undefined on input line 97.


Package natbib Warning: Citation `adhikari_x_2016' on page 10 undefined on input line 99.

[10 <./images/simple_plots_Winter_Trend.png>]
<images/simple_plots_annual_Trend.png, id=91, 1156.32pt x 505.89pt>
File: images/simple_plots_annual_Trend.png Graphic file (type png)
<use images/simple_plots_annual_Trend.png>
Package pdftex.def Info: images/simple_plots_annual_Trend.png  used on input line 103.
(pdftex.def)             Requested size: 387.00153pt x 169.30629pt.


LaTeX Warning: Reference `fig:Annual temperature trends' on page 11 undefined on input line 108.


Package natbib Warning: Citation `shrestha_observed_2017' on page 11 undefined on input line 108.


Package natbib Warning: Citation `nepal_impacts_2016' on page 11 undefined on input line 108.


Package natbib Warning: Citation `chand_trend_2019' on page 11 undefined on input line 108.


Package natbib Warning: Citation `nayava_spatial_2017' on page 11 undefined on input line 108.


Package natbib Warning: Citation `paudel_climate_2021' on page 11 undefined on input line 108.


Package natbib Warning: Citation `shrestha_maximum_1999' on page 11 undefined on input line 108.


Package natbib Warning: Citation `adhikari_x_2016' on page 11 undefined on input line 108.

[11 <./images/simple_plots_annual_Trend.png>]

LaTeX Warning: Reference `tab:mann_kendall' on page 12 undefined on input line 154.


Package natbib Warning: Citation `nepal_impacts_2016' on page 12 undefined on input line 156.

[12]
<images/avg_krig_Koshi Basin Slope Tmin.png, id=104, 605.8635pt x 467.1051pt>
File: images/avg_krig_Koshi Basin Slope Tmin.png Graphic file (type png)
<use images/avg_krig_Koshi Basin Slope Tmin.png>
Package pdftex.def Info: images/avg_krig_Koshi Basin Slope Tmin.png  used on input line 166.
(pdftex.def)             Requested size: 193.50076pt x 149.18445pt.
<images/avg_krig_Koshi Basin Slope Tavg.png, id=105, 613.8132pt x 467.1051pt>
File: images/avg_krig_Koshi Basin Slope Tavg.png Graphic file (type png)
<use images/avg_krig_Koshi Basin Slope Tavg.png>
Package pdftex.def Info: images/avg_krig_Koshi Basin Slope Tavg.png  used on input line 173.
(pdftex.def)             Requested size: 193.50076pt x 147.25291pt.
<images/avg_krig_Koshi Basin Slope Tmax.png, id=106, 614.5359pt x 467.1051pt>
File: images/avg_krig_Koshi Basin Slope Tmax.png Graphic file (type png)
<use images/avg_krig_Koshi Basin Slope Tmax.png>
Package pdftex.def Info: images/avg_krig_Koshi Basin Slope Tmax.png  used on input line 182.
(pdftex.def)             Requested size: 193.50076pt x 147.07474pt.


LaTeX Warning: Reference `fig:krig_results' on page 13 undefined on input line 192.


Package natbib Warning: Citation `paudel_climate_2021' on page 13 undefined on input line 192.


Package natbib Warning: Citation `paudel_climate_2021' on page 13 undefined on input line 192.

[13 <./images/avg_krig_Koshi Basin Slope Tmin.png> <./images/avg_krig_Koshi Basin Slope Tavg.png> <./images/avg_krig_Koshi Basin Slope Tmax.png>]) (sections/conclusion.tex) (main.bbl [14] [15] [16])

Package natbib Warning: There were undefined citations.

[17] (main.aux

Package natbib Warning: Citation(s) may have changed.
(natbib)                Rerun to get citations correct.

)
 ***********
LaTeX2e <2023-11-01> patch level 1
L3 programming layer <2024-01-04>
 ***********


LaTeX Warning: There were undefined references.


LaTeX Warning: Label(s) may have changed. Rerun to get cross-references right.


Package rerunfilecheck Warning: File `main.out' has changed.
(rerunfilecheck)                Rerun to get outlines right
(rerunfilecheck)                or use package `bookmark'.

Package rerunfilecheck Info: Checksums for `main.out':
(rerunfilecheck)             Before: <no file>
(rerunfilecheck)             After:  12C39DB7F99B06AF0C1AD0083FB1F048;529.
 ) 
Here is how much of TeX's memory you used:
 11986 strings out of 474485
 194441 string characters out of 5753524
 1958542 words of memory out of 5000000
 34051 multiletter control sequences out of 15000+600000
 565110 words of font info for 61 fonts, out of 8000000 for 9000
 1141 hyphenation exceptions out of 8191
 75i,11n,79p,3292b,603s stack positions out of 10000i,1000n,20000p,200000b,200000s
 <C:\Users\Administrator\AppData\Local\MiKTeX\fonts/pk/ljfour/jknappen/ec/dpi600\tcbx1000.pk> <C:\Users\Administrator\AppData\Local\MiKTeX\fonts/pk/ljfour/jknappen/ec/dpi600\tcrm1000.pk><C:/Program Files/MiKTeX/fonts/type1/public/amsfonts/cm/cmbx10.pfb><C:/Program Files/MiKTeX/fonts/type1/public/amsfonts/cm/cmbx12.pfb><C:/Program Files/MiKTeX/fonts/type1/public/amsfonts/cm/cmbx9.pfb><C:/Program Files/MiKTeX/fonts/type1/public/amsfonts/cm/cmex10.pfb><C:/Program Files/MiKTeX/fonts/type1/public/amsfonts/cm/cmmi10.pfb><C:/Program Files/MiKTeX/fonts/type1/public/amsfonts/cm/cmmi7.pfb><C:/Program Files/MiKTeX/fonts/type1/public/amsfonts/cm/cmmi8.pfb><C:/Program Files/MiKTeX/fonts/type1/public/amsfonts/cm/cmr10.pfb><C:/Program Files/MiKTeX/fonts/type1/public/amsfonts/cm/cmr12.pfb><C:/Program Files/MiKTeX/fonts/type1/public/amsfonts/cm/cmr17.pfb><C:/Program Files/MiKTeX/fonts/type1/public/amsfonts/cm/cmr7.pfb><C:/Program Files/MiKTeX/fonts/type1/public/amsfonts/cm/cmr8.pfb><C:/Program Files/MiKTeX/fonts/type1/public/amsfonts/cm/cmr9.pfb><C:/Program Files/MiKTeX/fonts/type1/public/amsfonts/cm/cmsy10.pfb><C:/Program Files/MiKTeX/fonts/type1/public/amsfonts/cm/cmsy7.pfb><C:/Program Files/MiKTeX/fonts/type1/public/amsfonts/cm/cmsy8.pfb><C:/Program Files/MiKTeX/fonts/type1/public/amsfonts/cm/cmti10.pfb><C:/Program Files/MiKTeX/fonts/type1/public/amsfonts/cm/cmtt10.pfb><C:/Program Files/MiKTeX/fonts/type1/public/amsfonts/cm/cmtt12.pfb>
Output written on main.pdf (17 pages, 13114925 bytes).
PDF statistics:
 301 PDF objects out of 1000 (max. 8388607)
 68 named destinations out of 1000 (max. 500000)
 46 words of extra memory for PDF output out of 10000 (max. 10000000)

