\BOOKMARK [1][-]{section.1}{\376\377\000I\000n\000t\000r\000o\000d\000u\000c\000t\000i\000o\000n}{}% 1
\BOOKMARK [2][-]{subsection.1.1}{\376\377\000B\000a\000c\000k\000g\000r\000o\000u\000n\000d}{section.1}% 2
\BOOKMARK [2][-]{subsection.1.2}{\376\377\000M\000a\000j\000o\000r\000\040\000C\000i\000t\000i\000e\000s\000\040\000o\000f\000\040\000U\000S\000A}{section.1}% 3
\BOOKMARK [2][-]{subsection.1.3}{\376\377\000E\000c\000o\000n\000o\000m\000y\000\040\000o\000f\000\040\000U\000S\000A}{section.1}% 4
\BOOKMARK [1][-]{section.2}{\376\377\000E\000d\000u\000c\000a\000t\000i\000o\000n\000\040\000S\000y\000s\000t\000e\000m\000\040\000o\000f\000\040\000U\000S\000A}{}% 5
\BOOKMARK [2][-]{subsection.2.1}{\376\377\000S\000c\000h\000o\000l\000a\000r\000s\000h\000i\000p\000s\000\040\000a\000n\000d\000\040\000F\000i\000n\000a\000n\000c\000i\000a\000l\000\040\000A\000i\000d}{section.2}% 6
\BOOKMARK [3][-]{subsubsection.2.1.1}{\376\377\000U\000.\000S\000.\000\040\000G\000o\000v\000e\000r\000n\000m\000e\000n\000t\000\040\000S\000c\000h\000o\000l\000a\000r\000s\000h\000i\000p\000s}{subsection.2.1}% 7
\BOOKMARK [3][-]{subsubsection.2.1.2}{\376\377\000U\000n\000i\000v\000e\000r\000s\000i\000t\000y\000\040\000S\000c\000h\000o\000l\000a\000r\000s\000h\000i\000p\000s}{subsection.2.1}% 8
\BOOKMARK [3][-]{subsubsection.2.1.3}{\376\377\000P\000r\000i\000v\000a\000t\000e\000\040\000S\000c\000h\000o\000l\000a\000r\000s\000h\000i\000p\000s}{subsection.2.1}% 9
\BOOKMARK [3][-]{subsubsection.2.1.4}{\376\377\000N\000e\000p\000a\000l\000\040\000G\000o\000v\000e\000r\000n\000m\000e\000n\000t\000\040\000S\000c\000h\000o\000l\000a\000r\000s\000h\000i\000p\000s}{subsection.2.1}% 10
\BOOKMARK [3][-]{subsubsection.2.1.5}{\376\377\000W\000o\000r\000k\000i\000n\000g\000\040\000W\000h\000i\000l\000e\000\040\000S\000t\000u\000d\000y\000i\000n\000g}{subsection.2.1}% 11
\BOOKMARK [3][-]{subsubsection.2.1.6}{\376\377\000T\000i\000p\000s\000\040\000f\000o\000r\000\040\000S\000c\000h\000o\000l\000a\000r\000s\000h\000i\000p\000\040\000S\000u\000c\000c\000e\000s\000s}{subsection.2.1}% 12
\BOOKMARK [2][-]{subsection.2.2}{\376\377\000A\000c\000c\000r\000e\000d\000i\000t\000a\000t\000i\000o\000n\000\040\000o\000f\000\040\000I\000n\000s\000t\000i\000t\000u\000t\000i\000o\000n\000s}{section.2}% 13
\BOOKMARK [3][-]{subsubsection.2.2.1}{\376\377\000I\000m\000p\000o\000r\000t\000a\000n\000c\000e\000\040\000o\000f\000\040\000v\000e\000r\000i\000f\000y\000i\000n\000g\000\040\000i\000n\000s\000t\000i\000t\000u\000t\000i\000o\000n\000a\000l\000\040\000l\000e\000g\000i\000t\000i\000m\000a\000c\000y}{subsection.2.2}% 14
\BOOKMARK [1][-]{section.3}{\376\377\000U\000n\000i\000v\000e\000r\000s\000i\000t\000y\000\040\000P\000r\000o\000c\000e\000s\000s}{}% 15
\BOOKMARK [2][-]{subsection.3.1}{\376\377\000I\000-\0002\0000\000\040\000I\000s\000s\000u\000a\000n\000c\000e}{section.3}% 16
\BOOKMARK [3][-]{subsubsection.3.1.1}{\376\377\000F\000-\0001\000\040\000V\000i\000s\000a\000\040\000R\000e\000q\000u\000i\000r\000e\000m\000e\000n\000t\000s}{subsection.3.1}% 17
\BOOKMARK [2][-]{subsection.3.2}{\376\377\000T\000r\000a\000v\000e\000l\000\040\000R\000e\000g\000u\000l\000a\000t\000i\000o\000n\000s}{section.3}% 18
\BOOKMARK [2][-]{subsection.3.3}{\376\377\000F\000-\0001\000\040\000V\000i\000s\000a\000\040\000R\000e\000q\000u\000i\000r\000e\000d\000\040\000D\000o\000c\000u\000m\000e\000n\000t\000s}{section.3}% 19
\BOOKMARK [2][-]{subsection.3.4}{\376\377\000V\000i\000s\000a\000\040\000A\000p\000p\000l\000i\000c\000a\000t\000i\000o\000n\000\040\000S\000t\000e\000p\000s}{section.3}% 20
\BOOKMARK [3][-]{subsubsection.3.4.1}{\376\377\000R\000e\000q\000u\000i\000r\000e\000m\000e\000n\000t\000s\000\040\000f\000o\000r\000\040\000S\000t\000u\000d\000y\000\040\000i\000n\000\040\000U\000S\000A}{subsection.3.4}% 21
\BOOKMARK [3][-]{subsubsection.3.4.2}{\376\377\000D\000o\000c\000u\000m\000e\000n\000t\000a\000t\000i\000o\000n}{subsection.3.4}% 22
\BOOKMARK [1][-]{section.4}{\376\377\000V\000i\000s\000a\000\040\000P\000r\000o\000c\000e\000s\000s}{}% 23
\BOOKMARK [2][-]{subsection.4.1}{\376\377\000V\000i\000s\000a\000\040\000R\000e\000f\000u\000s\000a\000l}{section.4}% 24
\BOOKMARK [1][-]{section.5}{\376\377\000S\000t\000u\000d\000e\000n\000t\000\040\000S\000u\000p\000p\000o\000r\000t\000\040\000a\000n\000d\000\040\000O\000t\000h\000e\000r\000\040\000I\000n\000f\000o\000r\000m\000a\000t\000i\000o\000n}{}% 25
\BOOKMARK [2][-]{subsection.5.1}{\376\377\000S\000t\000u\000d\000e\000n\000t\000\040\000C\000a\000r\000e}{section.5}% 26
\BOOKMARK [2][-]{subsection.5.2}{\376\377\000P\000r\000e\000-\000d\000e\000p\000a\000r\000t\000u\000r\000e\000\040\000I\000n\000f\000o\000r\000m\000a\000t\000i\000o\000n}{section.5}% 27
\BOOKMARK [2][-]{subsection.5.3}{\376\377\000C\000a\000r\000e\000e\000r\000\040\000O\000u\000t\000c\000o\000m\000e\000s\000\040\000a\000n\000d\000\040\000W\000o\000r\000k\000\040\000R\000i\000g\000h\000t\000s}{section.5}% 28
\BOOKMARK [1][-]{section.6}{\376\377\000A\000d\000d\000i\000t\000i\000o\000n\000a\000l\000\040\000I\000m\000p\000o\000r\000t\000a\000n\000t\000\040\000I\000n\000f\000o\000r\000m\000a\000t\000i\000o\000n}{}% 29
\BOOKMARK [2][-]{subsection.6.1}{\376\377\000V\000i\000s\000a\000\040\000R\000e\000f\000u\000s\000a\000l\000\040\000S\000c\000e\000n\000a\000r\000i\000o\000s\000\040\000a\000n\000d\000\040\000C\000o\000n\000s\000e\000q\000u\000e\000n\000c\000e\000s}{section.6}% 30
\BOOKMARK [3][-]{subsubsection.6.1.1}{\376\377\000V\000i\000s\000a\000\040\000R\000e\000f\000u\000s\000a\000l\000\040\000L\000e\000t\000t\000e\000r}{subsection.6.1}% 31
\BOOKMARK [3][-]{subsubsection.6.1.2}{\376\377\000C\000o\000n\000d\000i\000t\000i\000o\000n\000s\000\040\000a\000n\000d\000\040\000C\000o\000n\000s\000e\000q\000u\000e\000n\000c\000e\000s}{subsection.6.1}% 32
\BOOKMARK [2][-]{subsection.6.2}{\376\377\000N\000o\000n\000-\000F\000u\000n\000d\000i\000n\000g\000\040\000S\000i\000t\000u\000a\000t\000i\000o\000n\000s}{section.6}% 33
\BOOKMARK [2][-]{subsection.6.3}{\376\377\000S\000t\000u\000d\000e\000n\000t\000\040\000C\000a\000r\000e\000\040\000a\000n\000d\000\040\000S\000u\000p\000p\000o\000r\000t\000\040\000S\000e\000r\000v\000i\000c\000e\000s}{section.6}% 34
\BOOKMARK [3][-]{subsubsection.6.3.1}{\376\377\000M\000e\000n\000t\000a\000l\000\040\000H\000e\000a\000l\000t\000h\000\040\000a\000n\000d\000\040\000W\000e\000l\000l\000-\000b\000e\000i\000n\000g}{subsection.6.3}% 35
\BOOKMARK [2][-]{subsection.6.4}{\376\377\000A\000c\000a\000d\000e\000m\000i\000c\000\040\000S\000u\000p\000p\000o\000r\000t\000\040\000S\000e\000r\000v\000i\000c\000e\000s}{section.6}% 36
\BOOKMARK [2][-]{subsection.6.5}{\376\377\000H\000e\000a\000l\000t\000h\000\040\000a\000n\000d\000\040\000L\000e\000g\000a\000l\000\040\000S\000e\000r\000v\000i\000c\000e\000s}{section.6}% 37
\BOOKMARK [2][-]{subsection.6.6}{\376\377\000T\000u\000i\000t\000i\000o\000n\000\040\000R\000e\000f\000u\000n\000d\000\040\000P\000o\000l\000i\000c\000i\000e\000s}{section.6}% 38
\BOOKMARK [3][-]{subsubsection.6.6.1}{\376\377\000S\000t\000a\000n\000d\000a\000r\000d\000\040\000R\000e\000f\000u\000n\000d\000\040\000S\000c\000h\000e\000d\000u\000l\000e}{subsection.6.6}% 39
\BOOKMARK [2][-]{subsection.6.7}{\376\377\000N\000o\000n\000-\000r\000e\000f\000u\000n\000d\000a\000b\000l\000e\000\040\000I\000t\000e\000m\000s}{section.6}% 40
\BOOKMARK [1][-]{section.7}{\376\377\000P\000r\000e\000-\000D\000e\000p\000a\000r\000t\000u\000r\000e\000\040\000G\000u\000i\000d\000e\000l\000i\000n\000e\000s}{}% 41
\BOOKMARK [2][-]{subsection.7.1}{\376\377\000P\000r\000e\000-\000D\000e\000p\000a\000r\000t\000u\000r\000e\000\040\000C\000h\000e\000c\000k\000l\000i\000s\000t}{section.7}% 42
\BOOKMARK [2][-]{subsection.7.2}{\376\377\000E\000s\000s\000e\000n\000t\000i\000a\000l\000\040\000D\000o\000c\000u\000m\000e\000n\000t\000s}{section.7}% 43
\BOOKMARK [2][-]{subsection.7.3}{\376\377\000P\000r\000a\000c\000t\000i\000c\000a\000l\000\040\000P\000r\000e\000p\000a\000r\000a\000t\000i\000o\000n\000s}{section.7}% 44
\BOOKMARK [1][-]{section.8}{\376\377\000C\000a\000r\000e\000e\000r\000\040\000O\000p\000p\000o\000r\000t\000u\000n\000i\000t\000i\000e\000s\000\040\000a\000n\000d\000\040\000W\000o\000r\000k\000\040\000R\000i\000g\000h\000t\000s}{}% 45
\BOOKMARK [2][-]{subsection.8.1}{\376\377\000W\000o\000r\000k\000\040\000R\000i\000g\000h\000t\000s\000\040\000D\000u\000r\000i\000n\000g\000\040\000S\000t\000u\000d\000y}{section.8}% 46
\BOOKMARK [2][-]{subsection.8.2}{\376\377\000C\000a\000r\000e\000e\000r\000\040\000F\000i\000e\000l\000d\000s\000\040\000a\000n\000d\000\040\000S\000a\000l\000a\000r\000i\000e\000s}{section.8}% 47
\BOOKMARK [2][-]{subsection.8.3}{\376\377\000L\000o\000n\000g\000-\000t\000e\000r\000m\000\040\000O\000p\000t\000i\000o\000n\000s}{section.8}% 48
\BOOKMARK [2][-]{subsection.8.4}{\376\377\000C\000a\000r\000e\000e\000r\000\040\000S\000u\000c\000c\000e\000s\000s\000\040\000T\000i\000p\000s}{section.8}% 49
\BOOKMARK [1][-]{section.9}{\376\377\000C\000o\000n\000c\000l\000u\000s\000i\000o\000n}{}% 50
